<?xml version="1.0" encoding="UTF-8"?>
<testng-results ignored="0" total="1" passed="1" failed="0" skipped="0">
  <reporter-output>
  </reporter-output>
  <suite started-at="2023-05-18T11:55:32 IST" name="Default suite" finished-at="2023-05-18T11:55:35 IST" duration-ms="2780">
    <groups>
    </groups>
    <test started-at="2023-05-18T11:55:32 IST" name="Default test" finished-at="2023-05-18T11:55:35 IST" duration-ms="2780">
      <class name="testAPI.APItest1">
        <test-method signature="test_1()[pri:0, instance:testAPI.APItest1@49c7b90e]" started-at="2023-05-18T11:55:32 IST" name="test_1" finished-at="2023-05-18T11:55:35 IST" duration-ms="2712" status="PASS">
          <reporter-output>
          </reporter-output>
        </test-method> <!-- test_1 -->
      </class> <!-- testAPI.APItest1 -->
    </test> <!-- Default test -->
  </suite> <!-- Default suite -->
</testng-results>
